<?xml version="1.0" encoding="UTF-8"?>
<!-- Generated by org.testng.reporters.JUnitReportReporter -->
<testsuite ignored="0" hostname="LAPTOP-JPOEDMUB" failures="0" tests="1" name="prueba.NewTest" time="4.523" errors="0" timestamp="27 ago. 2022 15:31:05 GMT" skipped="0">
  <testcase classname="prueba.NewTest" name="f" time="4.523"/>
</testsuite> <!-- prueba.NewTest -->
